<?xml version="1.0" encoding="UTF-8"?>
<!-- Generated by org.testng.reporters.JUnitXMLReporter -->
<testsuite hostname="zuhals-MacBook-Pro.local" ignored="0" name="Verizon Test" tests="12" failures="0" timestamp="2020-10-09T20:35:47 CDT" time="55.241" errors="0">
  <testcase name="newCostum" time="1.342" classname="com.qa.verzion.tests.Add_Cart_tests"/>
  <testcase name="verifyHeader" time="1.5" classname="com.qa.verzion.tests.Add_Cart_tests"/>
  <testcase name="clikCart" time="0.536" classname="com.qa.verzion.tests.Add_Cart_tests"/>
  <testcase name="menuMbl" time="0.263" classname="com.qa.verzion.tests.Add_Cart_tests"/>
  <testcase name="correctPhone" time="2.647" classname="com.qa.verzion.tests.Add_Cart_tests"/>
  <testcase name="saveCart" time="0.726" classname="com.qa.verzion.tests.Add_Cart_tests"/>
  <testcase name="verifyHeader" time="0.053" classname="com.qa.verzion.tests.Select_Phone_tests"/>
  <testcase name="select" time="5.914" classname="com.qa.verzion.tests.Select_Phone_tests"/>
  <testcase name="thanks" time="0.081" classname="com.qa.verzion.tests.Select_Phone_tests"/>
  <testcase name="contClick" time="0.425" classname="com.qa.verzion.tests.Select_Phone_tests"/>
  <testcase name="verifyMainPageTitle" time="0.052" classname="com.qa.verzion.tests.MainPage_Verizon_test"/>
  <testcase name="shop" time="8.877" classname="com.qa.verzion.tests.MainPage_Verizon_test"/>
</testsuite> <!-- Verizon Test -->
